[OK] React app ok at Mon Sep 16 03:42:01 UTC 2024
[NG] React app was down, restarted at Mon Sep 16 03:42:23 UTC 2024
[OK] React app ok at Mon Sep 16 03:43:01 UTC 2024
[NG] React app was down, restarted at Mon Sep 16 03:43:23 UTC 2024
[OK] React app ok at Mon Sep 16 03:44:01 UTC 2024
[NG] React app was down, restarted at Mon Sep 16 03:44:23 UTC 2024
[OK] React app ok at Mon Sep 16 03:45:01 UTC 2024
[NG] React app was down, restarted at Mon Sep 16 03:45:22 UTC 2024
[OK] React app ok at Mon Sep 16 03:46:01 UTC 2024
[NG] React app was down, restarted at Mon Sep 16 03:46:22 UTC 2024
[OK] React app ok at Mon Sep 16 03:47:01 UTC 2024
[NG] React app was down, restarted at Mon Sep 16 03:47:24 UTC 2024
[OK] React app ok at Mon Sep 16 03:48:01 UTC 2024
[NG] React app was down, restarted at Mon Sep 16 03:48:23 UTC 2024
[OK] React app ok at Mon Sep 16 03:49:01 UTC 2024
[OK] React app ok at Mon Sep 16 03:50:01 UTC 2024
[OK] React app ok at Mon Sep 16 03:51:01 UTC 2024
[OK] React app ok at Mon Sep 16 03:52:01 UTC 2024
[NG] React app was down, restarted at Mon Sep 16 03:53:22 UTC 2024
[OK] React app ok at Mon Sep 16 03:54:01 UTC 2024
[OK] React app ok at Mon Sep 16 03:55:01 UTC 2024
[OK] React app ok at Mon Sep 16 03:56:01 UTC 2024
[OK] React app ok at Mon Sep 16 03:56:11 UTC 2024
[OK] React app ok at Mon Sep 16 03:56:21 UTC 2024
[OK] React app ok at Mon Sep 16 03:56:31 UTC 2024
[OK] React app ok at Mon Sep 16 03:56:41 UTC 2024
[OK] React app ok at Mon Sep 16 03:56:51 UTC 2024
[OK] React app ok at Mon Sep 16 03:57:01 UTC 2024
[OK] React app ok at Mon Sep 16 03:57:11 UTC 2024
[OK] React app ok at Mon Sep 16 03:57:21 UTC 2024
[OK] React app ok at Mon Sep 16 03:57:31 UTC 2024
[OK] React app ok at Mon Sep 16 03:57:41 UTC 2024
[OK] React app ok at Mon Sep 16 03:57:51 UTC 2024
[OK] React app ok at Mon Sep 16 03:58:02 UTC 2024
[OK] React app ok at Mon Sep 16 03:58:12 UTC 2024
[OK] React app ok at Mon Sep 16 03:58:21 UTC 2024
[OK] React app ok at Mon Sep 16 03:58:31 UTC 2024
[OK] React app ok at Mon Sep 16 03:58:41 UTC 2024
[OK] React app ok at Mon Sep 16 03:58:52 UTC 2024
[OK] React app ok at Mon Sep 16 03:59:01 UTC 2024
[OK] React app ok at Mon Sep 16 03:59:11 UTC 2024
[OK] React app ok at Mon Sep 16 03:59:21 UTC 2024
[OK] React app ok at Mon Sep 16 03:59:31 UTC 2024
[OK] React app ok at Mon Sep 16 03:59:41 UTC 2024
[OK] React app ok at Mon Sep 16 03:59:51 UTC 2024
[OK] React app ok at Mon Sep 16 04:00:01 UTC 2024
[OK] React app ok at Mon Sep 16 04:00:11 UTC 2024
[OK] React app ok at Mon Sep 16 04:00:21 UTC 2024
[OK] React app ok at Mon Sep 16 04:00:31 UTC 2024
[OK] React app ok at Mon Sep 16 04:00:41 UTC 2024
[OK] React app ok at Mon Sep 16 04:00:51 UTC 2024
[OK] React app ok at Mon Sep 16 04:01:01 UTC 2024
[OK] React app ok at Mon Sep 16 04:01:11 UTC 2024
[OK] React app ok at Mon Sep 16 04:01:21 UTC 2024
[OK] React app ok at Mon Sep 16 04:01:31 UTC 2024
[OK] React app ok at Mon Sep 16 04:01:41 UTC 2024
[OK] React app ok at Mon Sep 16 04:01:51 UTC 2024
[OK] React app ok at Mon Sep 16 04:02:01 UTC 2024
[OK] React app ok at Mon Sep 16 04:02:11 UTC 2024
[OK] React app ok at Mon Sep 16 04:02:21 UTC 2024
[OK] React app ok at Mon Sep 16 04:02:31 UTC 2024
[OK] React app ok at Mon Sep 16 04:02:41 UTC 2024
[OK] React app ok at Mon Sep 16 04:02:51 UTC 2024
[WARN] Lock file exists. Skipping execution at Mon Sep 16 04:03:11 UTC 2024
[WARN] Lock file exists. Skipping execution at Mon Sep 16 04:03:21 UTC 2024
[NG][delaytime] React app was down, restarted at Mon Sep 16 04:03:23 UTC 2024
[OK][delaytime] React app ok at Mon Sep 16 04:03:31 UTC 2024
[OK][delaytime] React app ok at Mon Sep 16 04:03:41 UTC 2024
[OK][delaytime] React app ok at Mon Sep 16 04:03:51 UTC 2024
[OK][0] React app ok at Mon Sep 16 04:04:01 UTC 2024
[OK][10] React app ok at Mon Sep 16 04:04:11 UTC 2024
[OK][20] React app ok at Mon Sep 16 04:04:21 UTC 2024
[OK][30] React app ok at Mon Sep 16 04:04:31 UTC 2024
[OK][40] React app ok at Mon Sep 16 04:04:41 UTC 2024
[OK][50] React app ok at Mon Sep 16 04:04:51 UTC 2024
[OK][0] React app ok at Mon Sep 16 04:05:01 UTC 2024
[OK][5] React app ok at Mon Sep 16 04:05:06 UTC 2024
[OK][10] React app ok at Mon Sep 16 04:05:11 UTC 2024
[OK][15] React app ok at Mon Sep 16 04:05:16 UTC 2024
[WARN][25] Lock file exists. Skipping execution at Mon Sep 16 04:05:26 UTC 2024
[WARN][30] Lock file exists. Skipping execution at Mon Sep 16 04:05:31 UTC 2024
[WARN][35] Lock file exists. Skipping execution at Mon Sep 16 04:05:36 UTC 2024
[WARN][40] Lock file exists. Skipping execution at Mon Sep 16 04:05:41 UTC 2024
[NG][20] React app was down, restarted at Mon Sep 16 04:05:42 UTC 2024
[OK][45] React app ok at Mon Sep 16 04:05:46 UTC 2024
[OK][50] React app ok at Mon Sep 16 04:05:51 UTC 2024
[OK][55] React app ok at Mon Sep 16 04:05:56 UTC 2024
[OK][0] React app ok at Mon Sep 16 04:06:01 UTC 2024
[OK][5] React app ok at Mon Sep 16 04:06:06 UTC 2024
[OK][10] React app ok at Mon Sep 16 04:06:11 UTC 2024
[OK][15] React app ok at Mon Sep 16 04:06:16 UTC 2024
[OK][20] React app ok at Mon Sep 16 04:06:21 UTC 2024
[OK][25] React app ok at Mon Sep 16 04:06:26 UTC 2024
[OK][30] React app ok at Mon Sep 16 04:06:31 UTC 2024
[OK][35] React app ok at Mon Sep 16 04:06:36 UTC 2024
[OK][40] React app ok at Mon Sep 16 04:06:41 UTC 2024
[OK][45] React app ok at Mon Sep 16 04:06:46 UTC 2024
